<?xml version="1.0" encoding="UTF-8"?>
<!-- Generated by org.testng.reporters.JUnitXMLReporter -->
<testsuite hostname="sal-Lenovo-ideapad-320-15ABR" failures="0" tests="3" name="Test" time="95.886" errors="0" timestamp="11 Jan 2021 04:10:03 GMT">
  <testcase classname="com.academy.E2EProject.ValidateTitle" name="basePageNavigation" time="0.222"/>
  <testcase classname="com.academy.E2EProject.HomePage" name="basePageNavigation" time="4.582"/>
  <testcase classname="com.academy.E2EProject.ValidateNavBar" name="basePageNavigation" time="22.013"/>
</testsuite> <!-- Test -->
