<?xml version="1.0" encoding="UTF-8"?>
<testng-results total="2" passed="2" failed="0" skipped="0">
  <reporter-output>
  </reporter-output>
  <suite started-at="2021-02-05T16:22:01Z" name="Suite" finished-at="2021-02-05T16:22:11Z" duration-ms="9671">
    <groups>
    </groups>
    <test started-at="2021-02-05T16:22:01Z" name="Validating Log in" finished-at="2021-02-05T16:22:01Z" duration-ms="95">
      <class name="com.academy.E2EProject.HomePage">
        <test-method is-config="true" signature="tearDown()[pri:0, instance:com.academy.E2EProject.HomePage@7e928e2f]" started-at="2021-02-05T11:22:01Z" name="tearDown" finished-at="2021-02-05T11:22:01Z" duration-ms="74" status="PASS">
          <reporter-output>
          </reporter-output>
        </test-method> <!-- tearDown -->
      </class> <!-- com.academy.E2EProject.HomePage -->
    </test> <!-- Validating Log in -->
    <test started-at="2021-02-05T16:22:01Z" name="Validating Title" finished-at="2021-02-05T16:22:10Z" duration-ms="9555">
      <class name="com.academy.E2EProject.ValidateTitle">
        <test-method is-config="true" signature="setUp()[pri:0, instance:com.academy.E2EProject.ValidateTitle@36f48b4]" started-at="2021-02-05T11:22:01Z" name="setUp" finished-at="2021-02-05T11:22:10Z" duration-ms="9229" status="PASS">
          <reporter-output>
          </reporter-output>
        </test-method> <!-- setUp -->
        <test-method signature="basePageNavigation()[pri:0, instance:com.academy.E2EProject.ValidateTitle@36f48b4]" started-at="2021-02-05T11:22:10Z" name="basePageNavigation" finished-at="2021-02-05T11:22:10Z" duration-ms="81" status="PASS">
          <reporter-output>
          </reporter-output>
        </test-method> <!-- basePageNavigation -->
        <test-method is-config="true" signature="tearDown()[pri:0, instance:com.academy.E2EProject.ValidateTitle@36f48b4]" started-at="2021-02-05T11:22:10Z" name="tearDown" finished-at="2021-02-05T11:22:10Z" duration-ms="230" status="PASS">
          <reporter-output>
          </reporter-output>
        </test-method> <!-- tearDown -->
      </class> <!-- com.academy.E2EProject.ValidateTitle -->
    </test> <!-- Validating Title -->
    <test started-at="2021-02-05T16:22:01Z" name="Validating Nav Bar" finished-at="2021-02-05T16:22:11Z" duration-ms="9664">
      <class name="com.academy.E2EProject.HomePage">
        <test-method is-config="true" signature="logIn()[pri:0, instance:com.academy.E2EProject.HomePage@7e928e2f]" started-at="2021-02-05T11:21:50Z" name="logIn" finished-at="2021-02-05T11:22:01Z" duration-ms="10821" status="PASS">
          <reporter-output>
          </reporter-output>
        </test-method> <!-- logIn -->
      </class> <!-- com.academy.E2EProject.HomePage -->
      <class name="com.academy.E2EProject.ValidateNavBar">
        <test-method is-config="true" signature="setUp()[pri:0, instance:com.academy.E2EProject.ValidateNavBar@2fc0cc3]" started-at="2021-02-05T11:22:01Z" name="setUp" finished-at="2021-02-05T11:22:10Z" duration-ms="9461" status="PASS">
          <reporter-output>
          </reporter-output>
        </test-method> <!-- setUp -->
        <test-method signature="basePageNavigation()[pri:0, instance:com.academy.E2EProject.ValidateNavBar@2fc0cc3]" started-at="2021-02-05T11:22:10Z" name="basePageNavigation" finished-at="2021-02-05T11:22:11Z" duration-ms="138" status="PASS">
          <reporter-output>
          </reporter-output>
        </test-method> <!-- basePageNavigation -->
        <test-method is-config="true" signature="tearDown()[pri:0, instance:com.academy.E2EProject.ValidateNavBar@2fc0cc3]" started-at="2021-02-05T11:22:11Z" name="tearDown" finished-at="2021-02-05T11:22:11Z" duration-ms="59" status="PASS">
          <reporter-output>
          </reporter-output>
        </test-method> <!-- tearDown -->
      </class> <!-- com.academy.E2EProject.ValidateNavBar -->
    </test> <!-- Validating Nav Bar -->
  </suite> <!-- Suite -->
</testng-results>
