<?xml version="1.0" encoding="UTF-8"?>
<testsuite xmlns:xsi="http://www.w3.org/2001/XMLSchema-instance" xsi:noNamespaceSchemaLocation="https://maven.apache.org/surefire/maven-surefire-plugin/xsd/surefire-test-report.xsd" name="TestSuite" time="70.18" tests="2" errors="0" skipped="0" failures="0">
  <properties>
[...]
</properties>
  <testcase name="basePageNavigation" classname="com.academy.E2EProject.ValidateTitle" time="0.068"/>
  <testcase name="basePageNavigation" classname="com.academy.E2EProject.ValidateNavBar" time="0.088"/>
</testsuite>