<?xml version="1.0" encoding="UTF-8"?>
<testng-results total="2" passed="2" failed="0" skipped="0">
  <reporter-output>
  </reporter-output>
  <suite started-at="2021-01-11T04:57:33Z" name="Suite" finished-at="2021-01-11T04:58:21Z" duration-ms="47710">
    <groups>
    </groups>
    <test started-at="2021-01-11T04:57:33Z" name="Test" finished-at="2021-01-11T04:58:21Z" duration-ms="47710">
      <class name="com.academy.E2EProject.ValidateTitle">
        <test-method signature="basePageNavigation()[pri:0, instance:com.academy.E2EProject.ValidateTitle@4bd31064]" started-at="2021-01-10T23:58:19Z" name="basePageNavigation" finished-at="2021-01-10T23:58:19Z" duration-ms="80" status="PASS">
          <reporter-output>
          </reporter-output>
        </test-method> <!-- basePageNavigation -->
      </class> <!-- com.academy.E2EProject.ValidateTitle -->
      <class name="com.academy.E2EProject.HomePage">
        <test-method is-config="true" signature="logIn()[pri:0, instance:com.academy.E2EProject.HomePage@37fb0bed]" started-at="2021-01-10T23:57:07Z" name="logIn" finished-at="2021-01-10T23:57:33Z" duration-ms="25934" status="PASS">
          <reporter-output>
          </reporter-output>
        </test-method> <!-- logIn -->
        <test-method is-config="true" signature="tearDown()[pri:0, instance:com.academy.E2EProject.HomePage@37fb0bed]" started-at="2021-01-10T23:58:19Z" name="tearDown" finished-at="2021-01-10T23:58:20Z" duration-ms="76" status="PASS">
          <reporter-output>
          </reporter-output>
        </test-method> <!-- tearDown -->
        <test-method is-config="true" signature="tearDown()[pri:0, instance:com.academy.E2EProject.ValidateNavBar@24c4ddae]" started-at="2021-01-10T23:58:20Z" name="tearDown" finished-at="2021-01-10T23:58:21Z" duration-ms="1029" status="PASS">
          <reporter-output>
          </reporter-output>
        </test-method> <!-- tearDown -->
        <test-method is-config="true" signature="tearDown()[pri:0, instance:com.academy.E2EProject.ValidateTitle@4bd31064]" started-at="2021-01-10T23:58:21Z" name="tearDown" finished-at="2021-01-10T23:58:21Z" duration-ms="66" status="PASS">
          <reporter-output>
          </reporter-output>
        </test-method> <!-- tearDown -->
      </class> <!-- com.academy.E2EProject.HomePage -->
      <class name="com.academy.E2EProject.ValidateNavBar">
        <test-method is-config="true" signature="setUp()[pri:0, instance:com.academy.E2EProject.ValidateNavBar@24c4ddae]" started-at="2021-01-10T23:57:33Z" name="setUp" finished-at="2021-01-10T23:57:56Z" duration-ms="23287" status="PASS">
          <reporter-output>
          </reporter-output>
        </test-method> <!-- setUp -->
        <test-method is-config="true" signature="setUp()[pri:0, instance:com.academy.E2EProject.ValidateTitle@4bd31064]" started-at="2021-01-10T23:57:56Z" name="setUp" finished-at="2021-01-10T23:58:19Z" duration-ms="23025" status="PASS">
          <reporter-output>
          </reporter-output>
        </test-method> <!-- setUp -->
        <test-method signature="basePageNavigation()[pri:0, instance:com.academy.E2EProject.ValidateNavBar@24c4ddae]" started-at="2021-01-10T23:58:19Z" name="basePageNavigation" finished-at="2021-01-10T23:58:19Z" duration-ms="110" status="PASS">
          <reporter-output>
          </reporter-output>
        </test-method> <!-- basePageNavigation -->
      </class> <!-- com.academy.E2EProject.ValidateNavBar -->
    </test> <!-- Test -->
  </suite> <!-- Suite -->
</testng-results>
